<?xml version="1.0" encoding="UTF-8"?>
<!-- Generated by org.testng.reporters.JUnitReportReporter -->
<testsuite skipped="0" hostname="DESKTOP-OL70TMQ" name="com.jija.qa.tests.CraftPageTest" tests="1" failures="0" timestamp="22 May 2020 13:41:16 GMT" time="28.582" errors="0">
  <testcase name="craftPageOpenTest" time="28.582" classname="com.jija.qa.tests.CraftPageTest"/>
</testsuite> <!-- com.jija.qa.tests.CraftPageTest -->
