<?xml version="1.0" encoding="UTF-8"?>
<!-- Generated by org.testng.reporters.JUnitReportReporter -->
<testsuite skipped="0" hostname="Rajat-PC" name="com.jija.qa.tests.HomePageTest" tests="2" failures="0" timestamp="11 Mar 2020 06:57:23 GMT" time="37.915" errors="0">
  <testcase name="verifyHomePageTitle" time="16.999" classname="com.jija.qa.tests.HomePageTest"/>
  <testcase name="verifyCraftPageBtnTest" time="20.916" classname="com.jija.qa.tests.HomePageTest"/>
</testsuite> <!-- com.jija.qa.tests.HomePageTest -->
