<?xml version="1.0" encoding="UTF-8"?>
<!-- Generated by org.testng.reporters.JUnitReportReporter -->
<testsuite skipped="0" hostname="Rajat-PC" name="com.jija.qa.tests.LoginPageTest" tests="3" failures="0" timestamp="11 Mar 2020 06:57:23 GMT" time="47.565" errors="0">
  <testcase name="logoCheckTest" time="15.153" classname="com.jija.qa.tests.LoginPageTest"/>
  <testcase name="loginTest" time="17.396" classname="com.jija.qa.tests.LoginPageTest"/>
  <testcase name="titleCheckTest" time="15.016" classname="com.jija.qa.tests.LoginPageTest"/>
</testsuite> <!-- com.jija.qa.tests.LoginPageTest -->
