<?xml version="1.0" encoding="UTF-8"?>
<!-- Generated by org.testng.reporters.JUnitReportReporter -->
<testsuite skipped="0" hostname="DESKTOP-OL70TMQ" name="com.jija.qa.tests.LoginPageTest" tests="3" failures="0" timestamp="22 May 2020 13:41:16 GMT" time="55.925" errors="0">
  <testcase name="logoCheckTest" time="17.641" classname="com.jija.qa.tests.LoginPageTest"/>
  <testcase name="loginTest" time="21.430" classname="com.jija.qa.tests.LoginPageTest"/>
  <testcase name="titleCheckTest" time="16.854" classname="com.jija.qa.tests.LoginPageTest"/>
</testsuite> <!-- com.jija.qa.tests.LoginPageTest -->
