<?xml version="1.0" encoding="UTF-8"?>
<!-- Generated by org.testng.reporters.JUnitReportReporter -->
<testsuite skipped="0" hostname="Rajat-PC" name="com.jija.qa.tests.LoginPageTest" tests="3" failures="0" timestamp="06 Mar 2020 10:52:46 GMT" time="50.017" errors="0">
  <testcase name="logoCheckTest" time="16.212" classname="com.jija.qa.tests.LoginPageTest"/>
  <testcase name="loginTest" time="17.336" classname="com.jija.qa.tests.LoginPageTest"/>
  <testcase name="titleCheckTest" time="16.469" classname="com.jija.qa.tests.LoginPageTest"/>
</testsuite> <!-- com.jija.qa.tests.LoginPageTest -->
