<?xml version="1.0" encoding="UTF-8"?>
<!-- Generated by org.testng.reporters.JUnitReportReporter -->
<testsuite skipped="0" hostname="DESKTOP-OL70TMQ" name="com.jija.qa.tests.HomePageTest" tests="2" failures="0" timestamp="22 May 2020 13:41:16 GMT" time="43.150" errors="0">
  <testcase name="verifyHomePageTitleTest" time="17.610" classname="com.jija.qa.tests.HomePageTest"/>
  <testcase name="verifyCraftPageBtnTest" time="25.540" classname="com.jija.qa.tests.HomePageTest"/>
</testsuite> <!-- com.jija.qa.tests.HomePageTest -->
