<?xml version="1.0" encoding="UTF-8"?>
<!-- Generated by org.testng.reporters.JUnitReportReporter -->
<testsuite skipped="0" hostname="Rajat-PC" name="com.jija.qa.tests.CraftPageTest" tests="1" failures="0" timestamp="11 Mar 2020 06:57:23 GMT" time="22.446" errors="0">
  <testcase name="craftPageOpenTest" time="22.446" classname="com.jija.qa.tests.CraftPageTest"/>
</testsuite> <!-- com.jija.qa.tests.CraftPageTest -->
