<?xml version="1.0" encoding="UTF-8"?>
<!-- Generated by org.testng.reporters.JUnitReportReporter -->
<testsuite skipped="0" hostname="Rajat-PC" name="com.jija.qa.tests.CraftPageTest" tests="1" failures="0" timestamp="06 Mar 2020 10:52:46 GMT" time="29.416" errors="0">
  <testcase name="craftPageOpenTest" time="29.416" classname="com.jija.qa.tests.CraftPageTest"/>
</testsuite> <!-- com.jija.qa.tests.CraftPageTest -->
