<?xml version="1.0" encoding="UTF-8"?>
<!-- Generated by org.testng.reporters.JUnitReportReporter -->
<testsuite hostname="DESKTOP-OL70TMQ" failures="0" tests="2" name="com.jija.qa.tests.HomePageTest" time="72.774" errors="0" timestamp="03 Jul 2020 12:15:59 GMT" skipped="0">
  <testcase classname="com.jija.qa.tests.HomePageTest" name="verifyHomePageTitleTest" time="33.579"/>
  <testcase classname="com.jija.qa.tests.HomePageTest" name="verifyCraftPageBtnTest" time="39.195"/>
</testsuite> <!-- com.jija.qa.tests.HomePageTest -->
