<?xml version="1.0" encoding="UTF-8"?>
<!-- Generated by org.testng.reporters.JUnitReportReporter -->
<testsuite skipped="0" hostname="Rajat-PC" name="com.jija.qa.tests.HomePageTest" tests="2" failures="0" timestamp="06 Mar 2020 10:52:46 GMT" time="39.338" errors="0">
  <testcase name="verifyHomePageTitle" time="14.913" classname="com.jija.qa.tests.HomePageTest"/>
  <testcase name="verifyCraftPageBtnTest" time="24.425" classname="com.jija.qa.tests.HomePageTest"/>
</testsuite> <!-- com.jija.qa.tests.HomePageTest -->
